{"/home/kevin/git/react-glider/src/index.tsx": {"path":"/home/kevin/git/react-glider/src/index.tsx","statementMap":{"0":{"start":{"line":1,"column":0},"end":{"line":1,"column":null}},"1":{"start":{"line":8,"column":0},"end":{"line":8,"column":31}},"2":{"start":{"line":17,"column":22},"end":{"line":36,"column":3}},"3":{"start":{"line":18,"column":8},"end":{"line":18,"column":null}},"4":{"start":{"line":19,"column":11},"end":{"line":19,"column":null}},"5":{"start":{"line":20,"column":6},"end":{"line":20,"column":null}},"6":{"start":{"line":21,"column":9},"end":{"line":21,"column":null}},"7":{"start":{"line":22,"column":14},"end":{"line":22,"column":null}},"8":{"start":{"line":23,"column":14},"end":{"line":23,"column":null}},"9":{"start":{"line":24,"column":8},"end":{"line":24,"column":null}},"10":{"start":{"line":25,"column":14},"end":{"line":26,"column":6}},"11":{"start":{"line":26,"column":6},"end":{"line":36,"column":3}},"12":{"start":{"line":38,"column":24},"end":{"line":249,"column":1}},"13":{"start":{"line":38,"column":30},"end":{"line":38,"column":35}},"14":{"start":{"line":38,"column":40},"end":{"line":38,"column":55}},"15":{"start":{"line":62,"column":6},"end":{"line":62,"column":12}},"16":{"start":{"line":61,"column":16},"end":{"line":62,"column":6}},"17":{"start":{"line":63,"column":17},"end":{"line":63,"column":24}},"18":{"start":{"line":65,"column":24},"end":{"line":65,"column":55}},"19":{"start":{"line":66,"column":24},"end":{"line":66,"column":55}},"20":{"start":{"line":67,"column":18},"end":{"line":67,"column":46}},"21":{"start":{"line":68,"column":21},"end":{"line":68,"column":56}},"22":{"start":{"line":69,"column":20},"end":{"line":69,"column":54}},"23":{"start":{"line":72,"column":22},"end":{"line":142,"column":null}},"24":{"start":{"line":74,"column":6},"end":{"line":74,"column":35}},"25":{"start":{"line":75,"column":6},"end":{"line":124,"column":null}},"26":{"start":{"line":76,"column":23},"end":{"line":87,"column":null}},"27":{"start":{"line":90,"column":8},"end":{"line":90,"column":35}},"28":{"start":{"line":92,"column":8},"end":{"line":99,"column":null}},"29":{"start":{"line":93,"column":10},"end":{"line":98,"column":12}},"30":{"start":{"line":101,"column":8},"end":{"line":105,"column":null}},"31":{"start":{"line":102,"column":10},"end":{"line":102,"column":47}},"32":{"start":{"line":103,"column":15},"end":{"line":105,"column":null}},"33":{"start":{"line":104,"column":10},"end":{"line":104,"column":52}},"34":{"start":{"line":108,"column":33},"end":{"line":115,"column":9}},"35":{"start":{"line":112,"column":10},"end":{"line":114,"column":null}},"36":{"start":{"line":113,"column":12},"end":{"line":113,"column":48}},"37":{"start":{"line":117,"column":8},"end":{"line":117,"column":65}},"38":{"start":{"line":118,"column":8},"end":{"line":118,"column":56}},"39":{"start":{"line":119,"column":8},"end":{"line":119,"column":52}},"40":{"start":{"line":120,"column":8},"end":{"line":120,"column":54}},"41":{"start":{"line":121,"column":8},"end":{"line":121,"column":46}},"42":{"start":{"line":122,"column":8},"end":{"line":122,"column":54}},"43":{"start":{"line":123,"column":8},"end":{"line":123,"column":63}},"44":{"start":{"line":146,"column":2},"end":{"line":163,"column":52}},"45":{"start":{"line":147,"column":4},"end":{"line":162,"column":null}},"46":{"start":{"line":148,"column":6},"end":{"line":160,"column":8}},"47":{"start":{"line":161,"column":6},"end":{"line":161,"column":38}},"48":{"start":{"line":166,"column":2},"end":{"line":211,"column":5}},"49":{"start":{"line":167,"column":4},"end":{"line":184,"column":null}},"50":{"start":{"line":168,"column":31},"end":{"line":175,"column":7}},"51":{"start":{"line":172,"column":8},"end":{"line":174,"column":null}},"52":{"start":{"line":173,"column":10},"end":{"line":173,"column":58}},"53":{"start":{"line":177,"column":6},"end":{"line":177,"column":63}},"54":{"start":{"line":178,"column":6},"end":{"line":178,"column":54}},"55":{"start":{"line":179,"column":6},"end":{"line":179,"column":50}},"56":{"start":{"line":180,"column":6},"end":{"line":180,"column":52}},"57":{"start":{"line":181,"column":6},"end":{"line":181,"column":44}},"58":{"start":{"line":182,"column":6},"end":{"line":182,"column":52}},"59":{"start":{"line":183,"column":6},"end":{"line":183,"column":61}},"60":{"start":{"line":185,"column":4},"end":{"line":202,"column":6}},"61":{"start":{"line":186,"column":34},"end":{"line":193,"column":7}},"62":{"start":{"line":190,"column":8},"end":{"line":192,"column":null}},"63":{"start":{"line":191,"column":10},"end":{"line":191,"column":61}},"64":{"start":{"line":195,"column":6},"end":{"line":195,"column":66}},"65":{"start":{"line":196,"column":6},"end":{"line":196,"column":57}},"66":{"start":{"line":197,"column":6},"end":{"line":197,"column":53}},"67":{"start":{"line":198,"column":6},"end":{"line":198,"column":55}},"68":{"start":{"line":199,"column":6},"end":{"line":199,"column":47}},"69":{"start":{"line":200,"column":6},"end":{"line":200,"column":55}},"70":{"start":{"line":201,"column":6},"end":{"line":201,"column":64}},"71":{"start":{"line":214,"column":2},"end":{"line":214,"column":69}},"72":{"start":{"line":214,"column":33},"end":{"line":214,"column":68}},"73":{"start":{"line":216,"column":18},"end":{"line":216,"column":43}},"74":{"start":{"line":218,"column":2},"end":{"line":248,"column":4}},"75":{"start":{"line":251,"column":0},"end":{"line":251,"column":31}}},"fnMap":{"0":{"name":"(anonymous_4)","decl":{"start":{"line":17,"column":22},"end":{"line":17,"column":23}},"loc":{"start":{"line":26,"column":1},"end":{"line":36,"column":3}}},"1":{"name":"(anonymous_5)","decl":{"start":{"line":38,"column":24},"end":{"line":38,"column":25}},"loc":{"start":{"line":38,"column":55},"end":{"line":249,"column":1}}},"2":{"name":"(anonymous_6)","decl":{"start":{"line":73,"column":4},"end":{"line":73,"column":5}},"loc":{"start":{"line":73,"column":28},"end":{"line":125,"column":5}}},"3":{"name":"(anonymous_7)","decl":{"start":{"line":108,"column":33},"end":{"line":108,"column":null}},"loc":{"start":{"line":110,"column":52},"end":{"line":115,"column":9}}},"4":{"name":"(anonymous_8)","decl":{"start":{"line":146,"column":12},"end":{"line":146,"column":null}},"loc":{"start":{"line":146,"column":12},"end":{"line":163,"column":3}}},"5":{"name":"(anonymous_9)","decl":{"start":{"line":166,"column":12},"end":{"line":166,"column":null}},"loc":{"start":{"line":166,"column":12},"end":{"line":203,"column":3}}},"6":{"name":"(anonymous_10)","decl":{"start":{"line":168,"column":31},"end":{"line":168,"column":null}},"loc":{"start":{"line":170,"column":50},"end":{"line":175,"column":7}}},"7":{"name":"(anonymous_11)","decl":{"start":{"line":185,"column":11},"end":{"line":185,"column":null}},"loc":{"start":{"line":185,"column":11},"end":{"line":202,"column":5}}},"8":{"name":"(anonymous_12)","decl":{"start":{"line":186,"column":34},"end":{"line":186,"column":null}},"loc":{"start":{"line":188,"column":50},"end":{"line":193,"column":7}}},"9":{"name":"(anonymous_13)","decl":{"start":{"line":214,"column":27},"end":{"line":214,"column":33}},"loc":{"start":{"line":214,"column":27},"end":{"line":214,"column":42}}}},"branchMap":{"0":{"loc":{"start":{"line":30,"column":4},"end":{"line":34,"column":13}},"type":"binary-expr","locations":[{"start":{"line":30,"column":5},"end":{"line":30,"column":14}},{"start":{"line":30,"column":18},"end":{"line":33,"column":6}},{"start":{"line":34,"column":4},"end":{"line":34,"column":13}}]},"1":{"loc":{"start":{"line":31,"column":12},"end":{"line":31,"column":51}},"type":"binary-expr","locations":[{"start":{"line":31,"column":13},"end":{"line":31,"column":19}},{"start":{"line":31,"column":23},"end":{"line":31,"column":34}},{"start":{"line":31,"column":39},"end":{"line":31,"column":51}}]},"2":{"loc":{"start":{"line":32,"column":12},"end":{"line":32,"column":51}},"type":"binary-expr","locations":[{"start":{"line":32,"column":13},"end":{"line":32,"column":19}},{"start":{"line":32,"column":23},"end":{"line":32,"column":34}},{"start":{"line":32,"column":39},"end":{"line":32,"column":51}}]},"3":{"loc":{"start":{"line":35,"column":8},"end":{"line":35,"column":48}},"type":"binary-expr","locations":[{"start":{"line":35,"column":9},"end":{"line":35,"column":16}},{"start":{"line":35,"column":20},"end":{"line":35,"column":24}},{"start":{"line":35,"column":29},"end":{"line":35,"column":35}},{"start":{"line":35,"column":39},"end":{"line":35,"column":48}}]},"4":{"loc":{"start":{"line":75,"column":6},"end":{"line":124,"column":null}},"type":"if","locations":[{"start":{"line":75,"column":6},"end":{"line":124,"column":null}}]},"5":{"loc":{"start":{"line":75,"column":10},"end":{"line":75,"column":39}},"type":"binary-expr","locations":[{"start":{"line":75,"column":10},"end":{"line":75,"column":17}},{"start":{"line":75,"column":21},"end":{"line":75,"column":39}}]},"6":{"loc":{"start":{"line":92,"column":8},"end":{"line":99,"column":null}},"type":"if","locations":[{"start":{"line":92,"column":8},"end":{"line":99,"column":null}}]},"7":{"loc":{"start":{"line":101,"column":8},"end":{"line":105,"column":null}},"type":"if","locations":[{"start":{"line":101,"column":8},"end":{"line":105,"column":null}},{"start":{"line":103,"column":15},"end":{"line":105,"column":null}}]},"8":{"loc":{"start":{"line":103,"column":15},"end":{"line":105,"column":null}},"type":"if","locations":[{"start":{"line":103,"column":15},"end":{"line":105,"column":null}}]},"9":{"loc":{"start":{"line":112,"column":10},"end":{"line":114,"column":null}},"type":"if","locations":[{"start":{"line":112,"column":10},"end":{"line":114,"column":null}}]},"10":{"loc":{"start":{"line":147,"column":4},"end":{"line":162,"column":null}},"type":"if","locations":[{"start":{"line":147,"column":4},"end":{"line":162,"column":null}}]},"11":{"loc":{"start":{"line":167,"column":4},"end":{"line":184,"column":null}},"type":"if","locations":[{"start":{"line":167,"column":4},"end":{"line":184,"column":null}}]},"12":{"loc":{"start":{"line":172,"column":8},"end":{"line":174,"column":null}},"type":"if","locations":[{"start":{"line":172,"column":8},"end":{"line":174,"column":null}}]},"13":{"loc":{"start":{"line":173,"column":10},"end":{"line":173,"column":57}},"type":"cond-expr","locations":[{"start":{"line":173,"column":28},"end":{"line":173,"column":30}},{"start":{"line":173,"column":28},"end":{"line":173,"column":57}}]},"14":{"loc":{"start":{"line":173,"column":10},"end":{"line":173,"column":30}},"type":"binary-expr","locations":[{"start":{"line":173,"column":10},"end":{"line":173,"column":30}},{"start":{"line":173,"column":28},"end":{"line":173,"column":30}}]},"15":{"loc":{"start":{"line":190,"column":8},"end":{"line":192,"column":null}},"type":"if","locations":[{"start":{"line":190,"column":8},"end":{"line":192,"column":null}}]},"16":{"loc":{"start":{"line":191,"column":10},"end":{"line":191,"column":60}},"type":"cond-expr","locations":[{"start":{"line":191,"column":28},"end":{"line":191,"column":30}},{"start":{"line":191,"column":28},"end":{"line":191,"column":60}}]},"17":{"loc":{"start":{"line":191,"column":10},"end":{"line":191,"column":30}},"type":"binary-expr","locations":[{"start":{"line":191,"column":10},"end":{"line":191,"column":30}},{"start":{"line":191,"column":28},"end":{"line":191,"column":30}}]},"18":{"loc":{"start":{"line":216,"column":18},"end":{"line":216,"column":43}},"type":"binary-expr","locations":[{"start":{"line":216,"column":18},"end":{"line":216,"column":34}},{"start":{"line":216,"column":38},"end":{"line":216,"column":43}}]},"19":{"loc":{"start":{"line":220,"column":7},"end":{"line":228,"column":null}},"type":"binary-expr","locations":[{"start":{"line":220,"column":7},"end":{"line":220,"column":16}},{"start":{"line":220,"column":20},"end":{"line":220,"column":27}},{"start":{"line":221,"column":8},"end":{"line":227,"column":null}}]},"20":{"loc":{"start":{"line":227,"column":11},"end":{"line":227,"column":26}},"type":"binary-expr","locations":[{"start":{"line":227,"column":11},"end":{"line":227,"column":19}},{"start":{"line":227,"column":23},"end":{"line":227,"column":26}}]},"21":{"loc":{"start":{"line":231,"column":15},"end":{"line":231,"column":27}},"type":"binary-expr","locations":[{"start":{"line":231,"column":15},"end":{"line":231,"column":17}},{"start":{"line":231,"column":21},"end":{"line":231,"column":27}}]},"22":{"loc":{"start":{"line":232,"column":9},"end":{"line":232,"column":53}},"type":"cond-expr","locations":[{"start":{"line":232,"column":21},"end":{"line":232,"column":29}},{"start":{"line":232,"column":32},"end":{"line":232,"column":53}}]},"23":{"loc":{"start":{"line":235,"column":7},"end":{"line":235,"column":48}},"type":"binary-expr","locations":[{"start":{"line":235,"column":7},"end":{"line":235,"column":14}},{"start":{"line":235,"column":18},"end":{"line":235,"column":23}},{"start":{"line":235,"column":27},"end":{"line":235,"column":48}}]},"24":{"loc":{"start":{"line":237,"column":7},"end":{"line":245,"column":null}},"type":"binary-expr","locations":[{"start":{"line":237,"column":7},"end":{"line":237,"column":16}},{"start":{"line":237,"column":20},"end":{"line":237,"column":27}},{"start":{"line":238,"column":8},"end":{"line":244,"column":null}}]},"25":{"loc":{"start":{"line":244,"column":11},"end":{"line":244,"column":27}},"type":"binary-expr","locations":[{"start":{"line":244,"column":11},"end":{"line":244,"column":20}},{"start":{"line":244,"column":24},"end":{"line":244,"column":27}}]}},"s":{"0":1,"1":1,"2":1,"3":14,"4":14,"5":14,"6":14,"7":14,"8":14,"9":14,"10":14,"11":14,"12":1,"13":7,"14":7,"15":147,"16":7,"17":7,"18":7,"19":7,"20":7,"21":7,"22":7,"23":7,"24":14,"25":14,"26":7,"27":7,"28":7,"29":1,"30":7,"31":0,"32":7,"33":0,"34":7,"35":49,"36":2,"37":7,"38":7,"39":7,"40":7,"41":7,"42":7,"43":7,"44":7,"45":7,"46":7,"47":7,"48":7,"49":7,"50":7,"51":49,"52":2,"53":7,"54":7,"55":7,"56":7,"57":7,"58":7,"59":7,"60":7,"61":7,"62":49,"63":2,"64":7,"65":7,"66":7,"67":7,"68":7,"69":7,"70":7,"71":7,"72":1,"73":7,"74":7,"75":1},"f":{"0":14,"1":7,"2":14,"3":49,"4":7,"5":7,"6":49,"7":7,"8":49,"9":1},"b":{"0":[14,2,12],"1":[2,0,2],"2":[2,0,2],"3":[14,4,12,11],"4":[7],"5":[14,7],"6":[1],"7":[0,7],"8":[0],"9":[2],"10":[7],"11":[7],"12":[2],"13":[0,2],"14":[2,2],"15":[2],"16":[2,0],"17":[2,0],"18":[7,7],"19":[7,1,1],"20":[1,1],"21":[7,7],"22":[0,7],"23":[7,2,1],"24":[7,1,1],"25":[1,1]}}
}
