TN:
SF:src/index.tsx
FN:17,(anonymous_4)
FN:38,(anonymous_5)
FN:73,(anonymous_6)
FN:108,(anonymous_7)
FN:146,(anonymous_8)
FN:166,(anonymous_9)
FN:168,(anonymous_10)
FN:185,(anonymous_11)
FN:186,(anonymous_12)
FN:214,(anonymous_13)
FNF:10
FNH:10
FNDA:14,(anonymous_4)
FNDA:7,(anonymous_5)
FNDA:14,(anonymous_6)
FNDA:49,(anonymous_7)
FNDA:7,(anonymous_8)
FNDA:7,(anonymous_9)
FNDA:49,(anonymous_10)
FNDA:7,(anonymous_11)
FNDA:49,(anonymous_12)
FNDA:1,(anonymous_13)
DA:1,1
DA:8,1
DA:17,1
DA:18,14
DA:19,14
DA:20,14
DA:21,14
DA:22,14
DA:23,14
DA:24,14
DA:25,14
DA:26,14
DA:38,7
DA:61,7
DA:62,147
DA:63,7
DA:65,7
DA:66,7
DA:67,7
DA:68,7
DA:69,7
DA:72,7
DA:74,14
DA:75,14
DA:76,7
DA:90,7
DA:92,7
DA:93,1
DA:101,7
DA:102,0
DA:103,7
DA:104,0
DA:108,7
DA:112,49
DA:113,2
DA:117,7
DA:118,7
DA:119,7
DA:120,7
DA:121,7
DA:122,7
DA:123,7
DA:146,7
DA:147,7
DA:148,7
DA:161,7
DA:166,7
DA:167,7
DA:168,7
DA:172,49
DA:173,2
DA:177,7
DA:178,7
DA:179,7
DA:180,7
DA:181,7
DA:182,7
DA:183,7
DA:185,7
DA:186,7
DA:190,49
DA:191,2
DA:195,7
DA:196,7
DA:197,7
DA:198,7
DA:199,7
DA:200,7
DA:201,7
DA:214,7
DA:216,7
DA:218,7
DA:251,1
LF:73
LH:71
BRDA:30,0,0,14
BRDA:30,0,1,2
BRDA:30,0,2,12
BRDA:31,1,0,2
BRDA:31,1,1,0
BRDA:31,1,2,2
BRDA:32,2,0,2
BRDA:32,2,1,0
BRDA:32,2,2,2
BRDA:35,3,0,14
BRDA:35,3,1,4
BRDA:35,3,2,12
BRDA:35,3,3,11
BRDA:75,4,0,7
BRDA:75,5,0,14
BRDA:75,5,1,7
BRDA:92,6,0,1
BRDA:101,7,0,0
BRDA:101,7,1,7
BRDA:103,8,0,0
BRDA:112,9,0,2
BRDA:147,10,0,7
BRDA:167,11,0,7
BRDA:172,12,0,2
BRDA:173,13,0,0
BRDA:173,13,1,2
BRDA:173,14,0,2
BRDA:173,14,1,2
BRDA:190,15,0,2
BRDA:191,16,0,2
BRDA:191,16,1,0
BRDA:191,17,0,2
BRDA:191,17,1,0
BRDA:216,18,0,7
BRDA:216,18,1,7
BRDA:220,19,0,7
BRDA:220,19,1,1
BRDA:220,19,2,1
BRDA:227,20,0,1
BRDA:227,20,1,1
BRDA:231,21,0,7
BRDA:231,21,1,7
BRDA:232,22,0,0
BRDA:232,22,1,7
BRDA:235,23,0,7
BRDA:235,23,1,2
BRDA:235,23,2,1
BRDA:237,24,0,7
BRDA:237,24,1,1
BRDA:237,24,2,1
BRDA:244,25,0,1
BRDA:244,25,1,1
BRF:52
BRH:44
end_of_record
